{"$clusterTime":{"clusterTime":{"$timestamp":"7258805110346612737"},"signature":{"hash":"TOrUj6ioRraXuYm/Nbd2WXCJZLA=","keyId":{"high":1675038733,"low":2,"unsigned":false}}},"code":11000,"codeName":"DuplicateKey","keyPattern":{"address":1},"keyValue":{"address":"0x425e244db4de61348c5bd89245aa513e7ea4c009"},"level":"error","ok":0,"operationTime":{"$timestamp":"7258805110346612737"}}
{"$clusterTime":{"clusterTime":{"$timestamp":"7258805161886220305"},"signature":{"hash":"ygn6B9QSmsowD6sAzFu4HnPpGB8=","keyId":{"high":1675038733,"low":2,"unsigned":false}}},"code":11000,"codeName":"DuplicateKey","keyPattern":{"address":1},"keyValue":{"address":"0x425e244db4de61348c5bd89245aa513e7ea4c009"},"level":"error","ok":0,"operationTime":{"$timestamp":"7258805161886220305"}}
{"$clusterTime":{"clusterTime":{"$timestamp":"7258806587815362563"},"signature":{"hash":"7T86ncmS2IDq/37C+TqyhbpViLI=","keyId":{"high":1675038733,"low":2,"unsigned":false}}},"code":11000,"codeName":"DuplicateKey","keyPattern":{"address":1},"keyValue":{"address":"0x425e244db4de61348c5bd89245aa513e7ea4c009"},"level":"error","ok":0,"operationTime":{"$timestamp":"7258806587815362563"}}
{"$clusterTime":{"clusterTime":{"$timestamp":"7258806600700264451"},"signature":{"hash":"jlr9qX0shbIRcKfIsCkVXBAwL2s=","keyId":{"high":1675038733,"low":2,"unsigned":false}}},"code":11000,"codeName":"DuplicateKey","keyPattern":{"address":1},"keyValue":{"address":"0x425e244db4de61348c5bd89245aa513e7ea4c009"},"level":"error","ok":0,"operationTime":{"$timestamp":"7258806600700264451"}}
{"level":"error"}
{"level":"error"}
{"level":"error"}
{"level":"error"}
{"level":"error"}
{"errorCode":401,"level":"error","name":"RequestError"}
{"errorCode":401,"level":"error","name":"RequestError"}
{"errorCode":401,"level":"error","name":"RequestError"}
{"errorCode":401,"level":"error","name":"RequestError"}
{"errorCode":401,"level":"error","name":"RequestError"}
{"errorCode":401,"level":"error","name":"RequestError"}
{"level":"error"}
{"level":"error"}
{"level":"error"}
{"level":"error"}
{"level":"error"}
{"errorCode":400,"level":"error","name":"RequestError"}
{"errorCode":400,"level":"error","name":"RequestError"}
{"errorCode":400,"level":"error","name":"RequestError"}
{"errorCode":400,"level":"error","name":"RequestError"}
{"level":"error"}
{"level":"error"}
{"errorCode":400,"level":"error","name":"RequestError"}
{"errorCode":400,"level":"error","name":"RequestError"}
{"errorCode":401,"level":"error","name":"RequestError"}
{"errorCode":401,"level":"error","name":"RequestError"}
{"errorCode":401,"level":"error","name":"RequestError"}
{"errorCode":400,"level":"error","name":"RequestError"}
{"errorCode":400,"level":"error","name":"RequestError"}
{"errorCode":400,"level":"error","name":"RequestError"}
{"errorCode":400,"level":"error","name":"RequestError"}
{"errorCode":400,"level":"error","name":"RequestError"}
{"errorCode":400,"level":"error","name":"RequestError"}
{"level":"error"}
{"errorCode":401,"level":"error","name":"RequestError"}
{"errorCode":401,"level":"error","name":"RequestError"}
{"errorCode":401,"level":"error","name":"RequestError"}
{"errorCode":400,"level":"error","name":"RequestError"}
{"errorCode":400,"level":"error","name":"RequestError"}
{"level":"error","name":"RequestError"}
{"errorCode":400,"level":"error","name":"RequestError"}
{"errorCode":400,"level":"error","name":"RequestError"}
{"errorCode":400,"level":"error","name":"RequestError"}
{"code":11000,"index":0,"keyPattern":{"uid":1},"keyValue":{"uid":"ethereum#5"},"level":"error"}
{"code":11000,"index":0,"keyPattern":{"uid":1},"keyValue":{"uid":"ethereum#5"},"level":"error"}
{"code":11000,"index":0,"keyPattern":{"uid":1},"keyValue":{"uid":"ethereum#5"},"level":"error"}
{"code":11000,"index":0,"keyPattern":{"uid":1},"keyValue":{"uid":"ethereum#5"},"level":"error"}
{"code":11000,"index":0,"keyPattern":{"uid":1},"keyValue":{"uid":"ethereum#5"},"level":"error"}
{"errorCode":400,"level":"error","name":"RequestError"}
{"errorCode":400,"level":"error","name":"RequestError"}
{"errorCode":400,"level":"error","name":"RequestError"}
{"errorCode":400,"level":"error","name":"RequestError"}
{"errorCode":400,"level":"error","name":"RequestError"}
{"errorCode":400,"level":"error","name":"RequestError"}
{"errorCode":400,"level":"error","name":"RequestError"}
{"errorCode":400,"level":"error","name":"RequestError"}
{"errorCode":400,"level":"error","name":"RequestError"}
{"errorCode":400,"level":"error","name":"RequestError"}
{"errorCode":400,"level":"error","name":"RequestError"}
{"errorCode":400,"level":"error","name":"RequestError"}
{"errorCode":400,"level":"error","name":"RequestError"}
{"errorCode":400,"level":"error","name":"RequestError"}
{"errorCode":400,"level":"error","name":"RequestError"}
{"errorCode":400,"level":"error","name":"RequestError"}
{"errorCode":400,"level":"error","name":"RequestError"}
{"errorCode":400,"level":"error","name":"RequestError"}
{"errorCode":400,"level":"error","name":"RequestError"}
{"level":"error","name":"RequestError"}
{"level":"error","name":"RequestError"}
{"level":"error","name":"RequestError"}
{"level":"error","name":"RequestError"}
{"level":"error","name":"RequestError"}
{"level":"error","name":"RequestError"}
{"level":"error","name":"RequestError"}
{"level":"error","name":"RequestError"}
{"level":"error","name":"RequestError"}
{"level":"error","name":"RequestError"}
{"errorCode":400,"level":"error","name":"RequestError"}
{"errorCode":400,"level":"error","name":"RequestError"}
{"errorCode":400,"level":"error","name":"RequestError"}
{"errorCode":400,"level":"error","name":"RequestError"}
{"errorCode":400,"level":"error","name":"RequestError"}
{"errorCode":400,"level":"error","name":"RequestError"}
{"errorCode":400,"level":"error","name":"RequestError"}
{"errorCode":400,"level":"error","name":"RequestError"}
{"errorCode":400,"level":"error","name":"RequestError"}
{"errorCode":400,"level":"error","name":"RequestError"}
{"errorCode":400,"level":"error","name":"RequestError"}
{"digest":"DYNAMIC_SERVER_USAGE","level":"error"}
{"digest":"DYNAMIC_SERVER_USAGE","level":"error"}
{"digest":"DYNAMIC_SERVER_USAGE","level":"error"}
{"digest":"DYNAMIC_SERVER_USAGE","level":"error"}
{"digest":"DYNAMIC_SERVER_USAGE","level":"error"}
{"digest":"DYNAMIC_SERVER_USAGE","level":"error"}
{"digest":"DYNAMIC_SERVER_USAGE","level":"error"}
{"digest":"DYNAMIC_SERVER_USAGE","level":"error"}
{"digest":"DYNAMIC_SERVER_USAGE","level":"error"}
{"digest":"DYNAMIC_SERVER_USAGE","level":"error"}
{"digest":"DYNAMIC_SERVER_USAGE","level":"error"}
{"digest":"DYNAMIC_SERVER_USAGE","level":"error"}
{"digest":"DYNAMIC_SERVER_USAGE","level":"error"}
{"digest":"DYNAMIC_SERVER_USAGE","level":"error"}
{"digest":"DYNAMIC_SERVER_USAGE","level":"error"}
{"digest":"DYNAMIC_SERVER_USAGE","level":"error"}
{"digest":"DYNAMIC_SERVER_USAGE","level":"error"}
{"digest":"DYNAMIC_SERVER_USAGE","level":"error"}
{"digest":"DYNAMIC_SERVER_USAGE","level":"error"}
{"digest":"DYNAMIC_SERVER_USAGE","level":"error"}
{"digest":"DYNAMIC_SERVER_USAGE","level":"error"}
{"digest":"DYNAMIC_SERVER_USAGE","level":"error"}
{"digest":"DYNAMIC_SERVER_USAGE","level":"error"}
{"digest":"DYNAMIC_SERVER_USAGE","level":"error"}
{"digest":"DYNAMIC_SERVER_USAGE","level":"error"}
{"digest":"DYNAMIC_SERVER_USAGE","level":"error"}
{"digest":"DYNAMIC_SERVER_USAGE","level":"error"}
{"errorCode":400,"level":"error","name":"RequestError"}
{"errorCode":400,"level":"error","name":"RequestError"}
{"errorCode":400,"level":"error","name":"RequestError"}
{"errorCode":400,"level":"error","name":"RequestError"}
{"errorCode":400,"level":"error","name":"RequestError"}
{"digest":"DYNAMIC_SERVER_USAGE","level":"error"}
{"digest":"DYNAMIC_SERVER_USAGE","level":"error"}
{"digest":"DYNAMIC_SERVER_USAGE","level":"error"}
{"errorCode":400,"level":"error","name":"RequestError"}
{"errorCode":400,"level":"error","name":"RequestError"}
{"errorCode":400,"level":"error","name":"RequestError"}
{"errorCode":400,"level":"error","name":"RequestError"}
{"digest":"DYNAMIC_SERVER_USAGE","level":"error"}
{"digest":"DYNAMIC_SERVER_USAGE","level":"error"}
{"digest":"DYNAMIC_SERVER_USAGE","level":"error"}
{"errorCode":400,"level":"error","name":"RequestError"}
{"errorCode":400,"level":"error","name":"RequestError"}
{"errorCode":400,"level":"error","name":"RequestError"}
{"code":"ERR_INVALID_ARG_TYPE","level":"error"}
{"code":"ERR_INVALID_ARG_TYPE","level":"error"}
{"digest":"DYNAMIC_SERVER_USAGE","level":"error"}
{"digest":"DYNAMIC_SERVER_USAGE","level":"error"}
{"digest":"DYNAMIC_SERVER_USAGE","level":"error"}
{"errorCode":400,"level":"error","name":"RequestError"}
{"errorCode":400,"level":"error","name":"RequestError"}
{"errorCode":400,"level":"error","name":"RequestError"}
{"errorCode":400,"level":"error","name":"RequestError"}
{"errorCode":400,"level":"error","name":"RequestError"}
{"errorCode":400,"level":"error","name":"RequestError"}
{"errorCode":400,"level":"error","name":"RequestError"}
{"errorCode":400,"level":"error","name":"RequestError"}
{"errorCode":400,"level":"error","name":"RequestError"}
{"errorCode":400,"level":"error","name":"RequestError"}
{"errorCode":400,"level":"error","name":"RequestError"}
{"errorCode":400,"level":"error","name":"RequestError"}
{"errorCode":400,"level":"error","name":"RequestError"}
{"errorCode":400,"level":"error","name":"RequestError"}
{"errorCode":400,"level":"error","name":"RequestError"}
{"errorCode":400,"level":"error","name":"RequestError"}
{"errorCode":400,"level":"error","name":"RequestError"}
{"errorCode":400,"level":"error","name":"RequestError"}
{"errorCode":400,"level":"error","name":"RequestError"}
{"errorCode":400,"level":"error","name":"RequestError"}
{"errorCode":400,"level":"error","name":"RequestError"}
{"level":"error","reason":{"commonWireVersion":0,"compatible":true,"heartbeatFrequencyMS":10000,"localThresholdMS":15,"logicalSessionTimeoutMinutes":null,"maxElectionId":"7fffffff00000000000000c9","maxSetVersion":11,"servers":[["cluster0-shard-00-02.ogxfi.mongodb.net:27017",{"$clusterTime":null,"address":"cluster0-shard-00-02.ogxfi.mongodb.net:27017","arbiters":[],"electionId":null,"error":{"cause":{"code":"EAI_AGAIN","errno":-3001,"hostname":"cluster0-shard-00-02.ogxfi.mongodb.net","syscall":"getaddrinfo"}},"hosts":[],"lastUpdateTime":39967146,"lastWriteDate":0,"logicalSessionTimeoutMinutes":null,"maxWireVersion":0,"me":null,"minWireVersion":0,"passives":[],"primary":null,"roundTripTime":-1,"setName":null,"setVersion":null,"tags":{},"topologyVersion":null,"type":"Unknown"}],["cluster0-shard-00-01.ogxfi.mongodb.net:27017",{"$clusterTime":null,"address":"cluster0-shard-00-01.ogxfi.mongodb.net:27017","arbiters":[],"electionId":null,"error":{"cause":{"code":"EAI_AGAIN","errno":-3001,"hostname":"cluster0-shard-00-01.ogxfi.mongodb.net","syscall":"getaddrinfo"}},"hosts":[],"lastUpdateTime":39967141,"lastWriteDate":0,"logicalSessionTimeoutMinutes":null,"maxWireVersion":0,"me":null,"minWireVersion":0,"passives":[],"primary":null,"roundTripTime":-1,"setName":null,"setVersion":null,"tags":{},"topologyVersion":null,"type":"Unknown"}],["cluster0-shard-00-00.ogxfi.mongodb.net:27017",{"$clusterTime":null,"address":"cluster0-shard-00-00.ogxfi.mongodb.net:27017","arbiters":[],"electionId":null,"error":{"cause":{"code":"EAI_AGAIN","errno":-3001,"hostname":"cluster0-shard-00-00.ogxfi.mongodb.net","syscall":"getaddrinfo"}},"hosts":[],"lastUpdateTime":39967145,"lastWriteDate":0,"logicalSessionTimeoutMinutes":null,"maxWireVersion":0,"me":null,"minWireVersion":0,"passives":[],"primary":null,"roundTripTime":-1,"setName":null,"setVersion":null,"tags":{},"topologyVersion":null,"type":"Unknown"}]],"setName":"Cluster0-shard-0","stale":false,"type":"ReplicaSetNoPrimary"}}
{"level":"error","reason":{"commonWireVersion":0,"compatible":true,"heartbeatFrequencyMS":10000,"localThresholdMS":15,"logicalSessionTimeoutMinutes":null,"maxElectionId":"7fffffff00000000000000c9","maxSetVersion":11,"servers":[["cluster0-shard-00-02.ogxfi.mongodb.net:27017",{"$clusterTime":null,"address":"cluster0-shard-00-02.ogxfi.mongodb.net:27017","arbiters":[],"electionId":null,"error":{"cause":{"code":"EAI_AGAIN","errno":-3001,"hostname":"cluster0-shard-00-02.ogxfi.mongodb.net","syscall":"getaddrinfo"}},"hosts":[],"lastUpdateTime":39969161,"lastWriteDate":0,"logicalSessionTimeoutMinutes":null,"maxWireVersion":0,"me":null,"minWireVersion":0,"passives":[],"primary":null,"roundTripTime":-1,"setName":null,"setVersion":null,"tags":{},"topologyVersion":null,"type":"Unknown"}],["cluster0-shard-00-01.ogxfi.mongodb.net:27017",{"$clusterTime":null,"address":"cluster0-shard-00-01.ogxfi.mongodb.net:27017","arbiters":[],"electionId":null,"error":{"cause":{"code":"EAI_AGAIN","errno":-3001,"hostname":"cluster0-shard-00-01.ogxfi.mongodb.net","syscall":"getaddrinfo"}},"hosts":[],"lastUpdateTime":39969157,"lastWriteDate":0,"logicalSessionTimeoutMinutes":null,"maxWireVersion":0,"me":null,"minWireVersion":0,"passives":[],"primary":null,"roundTripTime":-1,"setName":null,"setVersion":null,"tags":{},"topologyVersion":null,"type":"Unknown"}],["cluster0-shard-00-00.ogxfi.mongodb.net:27017",{"$clusterTime":null,"address":"cluster0-shard-00-00.ogxfi.mongodb.net:27017","arbiters":[],"electionId":null,"error":{"cause":{"code":"EAI_AGAIN","errno":-3001,"hostname":"cluster0-shard-00-00.ogxfi.mongodb.net","syscall":"getaddrinfo"}},"hosts":[],"lastUpdateTime":39969159,"lastWriteDate":0,"logicalSessionTimeoutMinutes":null,"maxWireVersion":0,"me":null,"minWireVersion":0,"passives":[],"primary":null,"roundTripTime":-1,"setName":null,"setVersion":null,"tags":{},"topologyVersion":null,"type":"Unknown"}]],"setName":"Cluster0-shard-0","stale":false,"type":"ReplicaSetNoPrimary"}}
{"digest":"DYNAMIC_SERVER_USAGE","level":"error"}
{"digest":"DYNAMIC_SERVER_USAGE","level":"error"}
{"digest":"DYNAMIC_SERVER_USAGE","level":"error"}
